<?xml version="1.0" encoding="UTF-8"?>
<robot generator="Robot 3.2.2 (Python 3.9.0 on win32)" generated="20210308 21:55:54.217" rpa="false">
<suite id="s1" name="Amazon" source="C:\Users\ignis\PycharmProjects\First-script\tests\amazon.robot">
<kw name="Insert Testing Data" library="Common" type="setup">
<kw name="Custom Keyword 1" library="Common">
<kw name="Log" library="BuiltIn">
<doc>Logs the given message with the given level.</doc>
<arguments>
<arg>Doing keyword 1</arg>
</arguments>
<msg timestamp="20210308 21:55:54.419" level="INFO">Doing keyword 1</msg>
<status status="PASS" starttime="20210308 21:55:54.419" endtime="20210308 21:55:54.419"></status>
</kw>
<status status="PASS" starttime="20210308 21:55:54.419" endtime="20210308 21:55:54.419"></status>
</kw>
<kw name="Custom Keyword 1" library="Common">
<kw name="Log" library="BuiltIn">
<doc>Logs the given message with the given level.</doc>
<arguments>
<arg>Doing keyword 1</arg>
</arguments>
<msg timestamp="20210308 21:55:54.420" level="INFO">Doing keyword 1</msg>
<status status="PASS" starttime="20210308 21:55:54.419" endtime="20210308 21:55:54.420"></status>
</kw>
<status status="PASS" starttime="20210308 21:55:54.419" endtime="20210308 21:55:54.420"></status>
</kw>
<status status="PASS" starttime="20210308 21:55:54.418" endtime="20210308 21:55:54.420"></status>
</kw>
<test id="s1-t1" name="User check for products">
<kw name="Begin Web Test" library="Common" type="setup">
<kw name="Open Browser" library="SeleniumLibrary">
<doc>Opens a new browser instance to the optional ``url``.</doc>
<arguments>
<arg>About:blank</arg>
<arg>${BROWSER}</arg>
</arguments>
<msg timestamp="20210308 21:55:54.422" level="INFO">Opening browser 'ie' to base url 'About:blank'.</msg>
<status status="PASS" starttime="20210308 21:55:54.421" endtime="20210308 21:55:55.652"></status>
</kw>
<status status="PASS" starttime="20210308 21:55:54.421" endtime="20210308 21:55:55.653"></status>
</kw>
<kw name="Search For Products" library="Amazon">
<kw name="Load" library="LandingPage">
<kw name="Go To" library="SeleniumLibrary">
<doc>Navigates the current browser window to the provided ``url``.</doc>
<arguments>
<arg>${START_URL}</arg>
</arguments>
<msg timestamp="20210308 21:55:55.654" level="INFO">Opening url 'https://www.amazon.com'</msg>
<status status="PASS" starttime="20210308 21:55:55.654" endtime="20210308 21:55:57.020"></status>
</kw>
<status status="PASS" starttime="20210308 21:55:55.653" endtime="20210308 21:55:57.020"></status>
</kw>
<kw name="Waiting For Page Loaded" library="LandingPage">
<kw name="Sleep" library="BuiltIn">
<doc>Pauses the test executed for the given time.</doc>
<arguments>
<arg>3s</arg>
</arguments>
<msg timestamp="20210308 21:56:00.028" level="INFO">Slept 3 seconds</msg>
<status status="PASS" starttime="20210308 21:55:57.021" endtime="20210308 21:56:00.028"></status>
</kw>
<status status="PASS" starttime="20210308 21:55:57.020" endtime="20210308 21:56:00.028"></status>
</kw>
<kw name="Input Text" library="SeleniumLibrary">
<doc>Types the given ``text`` into the text field identified by ``locator``.</doc>
<arguments>
<arg>id=twotabsearchtextbox</arg>
<arg>Body Wash</arg>
</arguments>
<msg timestamp="20210308 21:56:00.029" level="INFO">Typing text 'Body Wash' into text field 'id=twotabsearchtextbox'.</msg>
<status status="PASS" starttime="20210308 21:56:00.029" endtime="20210308 21:56:00.731"></status>
</kw>
<kw name="Click Button" library="SeleniumLibrary">
<doc>Clicks the button identified by ``locator``.</doc>
<arguments>
<arg>XPath=//*[@id="nav-search-submit-button"]</arg>
</arguments>
<msg timestamp="20210308 21:56:00.732" level="INFO">Clicking button 'XPath=//*[@id="nav-search-submit-button"]'.</msg>
<status status="PASS" starttime="20210308 21:56:00.731" endtime="20210308 21:56:01.773"></status>
</kw>
<kw name="Sleep" library="BuiltIn">
<doc>Pauses the test executed for the given time.</doc>
<arguments>
<arg>3s</arg>
</arguments>
<msg timestamp="20210308 21:56:04.781" level="INFO">Slept 3 seconds</msg>
<status status="PASS" starttime="20210308 21:56:01.773" endtime="20210308 21:56:04.781"></status>
</kw>
<status status="PASS" starttime="20210308 21:55:55.653" endtime="20210308 21:56:04.781"></status>
</kw>
<kw name="End Web Test" library="Common" type="teardown">
<kw name="Close Browser" library="SeleniumLibrary">
<doc>Closes the current browser.</doc>
<status status="PASS" starttime="20210308 21:56:04.784" endtime="20210308 21:56:07.949"></status>
</kw>
<status status="PASS" starttime="20210308 21:56:04.782" endtime="20210308 21:56:07.950"></status>
</kw>
<doc>This is some basic info about smoke</doc>
<tags>
<tag>Current</tag>
</tags>
<status status="PASS" starttime="20210308 21:55:54.420" endtime="20210308 21:56:07.950" critical="yes"></status>
</test>
<test id="s1-t2" name="User sign in to the product">
<kw name="Begin Web Test" library="Common" type="setup">
<kw name="Open Browser" library="SeleniumLibrary">
<doc>Opens a new browser instance to the optional ``url``.</doc>
<arguments>
<arg>About:blank</arg>
<arg>${BROWSER}</arg>
</arguments>
<msg timestamp="20210308 21:56:07.956" level="INFO">Opening browser 'ie' to base url 'About:blank'.</msg>
<status status="PASS" starttime="20210308 21:56:07.955" endtime="20210308 21:56:09.162"></status>
</kw>
<status status="PASS" starttime="20210308 21:56:07.955" endtime="20210308 21:56:09.163"></status>
</kw>
<kw name="Search For Products" library="Amazon">
<kw name="Load" library="LandingPage">
<kw name="Go To" library="SeleniumLibrary">
<doc>Navigates the current browser window to the provided ``url``.</doc>
<arguments>
<arg>${START_URL}</arg>
</arguments>
<msg timestamp="20210308 21:56:09.165" level="INFO">Opening url 'https://www.amazon.com'</msg>
<status status="PASS" starttime="20210308 21:56:09.165" endtime="20210308 21:56:10.496"></status>
</kw>
<status status="PASS" starttime="20210308 21:56:09.164" endtime="20210308 21:56:10.496"></status>
</kw>
<kw name="Waiting For Page Loaded" library="LandingPage">
<kw name="Sleep" library="BuiltIn">
<doc>Pauses the test executed for the given time.</doc>
<arguments>
<arg>3s</arg>
</arguments>
<msg timestamp="20210308 21:56:13.504" level="INFO">Slept 3 seconds</msg>
<status status="PASS" starttime="20210308 21:56:10.498" endtime="20210308 21:56:13.504"></status>
</kw>
<status status="PASS" starttime="20210308 21:56:10.497" endtime="20210308 21:56:13.505"></status>
</kw>
<kw name="Input Text" library="SeleniumLibrary">
<doc>Types the given ``text`` into the text field identified by ``locator``.</doc>
<arguments>
<arg>id=twotabsearchtextbox</arg>
<arg>Body Wash</arg>
</arguments>
<msg timestamp="20210308 21:56:13.505" level="INFO">Typing text 'Body Wash' into text field 'id=twotabsearchtextbox'.</msg>
<status status="PASS" starttime="20210308 21:56:13.505" endtime="20210308 21:56:14.238"></status>
</kw>
<kw name="Click Button" library="SeleniumLibrary">
<doc>Clicks the button identified by ``locator``.</doc>
<arguments>
<arg>XPath=//*[@id="nav-search-submit-button"]</arg>
</arguments>
<msg timestamp="20210308 21:56:14.239" level="INFO">Clicking button 'XPath=//*[@id="nav-search-submit-button"]'.</msg>
<status status="PASS" starttime="20210308 21:56:14.239" endtime="20210308 21:56:15.265"></status>
</kw>
<kw name="Sleep" library="BuiltIn">
<doc>Pauses the test executed for the given time.</doc>
<arguments>
<arg>3s</arg>
</arguments>
<msg timestamp="20210308 21:56:18.274" level="INFO">Slept 3 seconds</msg>
<status status="PASS" starttime="20210308 21:56:15.265" endtime="20210308 21:56:18.274"></status>
</kw>
<status status="PASS" starttime="20210308 21:56:09.163" endtime="20210308 21:56:18.274"></status>
</kw>
<kw name="Select Product From Search Results" library="Amazon">
<kw name="Click Link" library="SeleniumLibrary">
<doc>Clicks a link identified by ``locator``.</doc>
<arguments>
<arg>css=#search &gt; div.s-desktop-width-max.s-desktop-content.sg-row &gt; div.sg-col-16-of-20.sg-col.sg-col-8-of-12.sg-col-12-of-16 &gt; div &gt; span:nth-child(4) &gt; div.s-main-slot.s-result-list.s-search-results.sg-row &gt; div:nth-child(6) &gt; div &gt; span &gt; div &gt; div &gt; div:nth-child(3) &gt; h2 &gt; a</arg>
</arguments>
<msg timestamp="20210308 21:56:18.277" level="INFO">Clicking link 'css=#search &gt; div.s-desktop-width-max.s-desktop-content.sg-row &gt; div.sg-col-16-of-20.sg-col.sg-col-8-of-12.sg-col-12-of-16 &gt; div &gt; span:nth-child(4) &gt; div.s-main-slot.s-result-list.s-search-results.sg-row &gt; div:nth-child(6) &gt; div &gt; span &gt; div &gt; div &gt; div:nth-child(3) &gt; h2 &gt; a'.</msg>
<kw name="Capture Page Screenshot" library="SeleniumLibrary">
<doc>Takes a screenshot of the current page and embeds it into a log file.</doc>
<msg timestamp="20210308 21:56:18.673" level="INFO" html="yes">&lt;/td&gt;&lt;/tr&gt;&lt;tr&gt;&lt;td colspan="3"&gt;&lt;a href="selenium-screenshot-37.png"&gt;&lt;img src="selenium-screenshot-37.png" width="800px"&gt;&lt;/a&gt;</msg>
<status status="PASS" starttime="20210308 21:56:18.631" endtime="20210308 21:56:18.673"></status>
</kw>
<msg timestamp="20210308 21:56:18.677" level="FAIL">Link with locator 'css=#search &gt; div.s-desktop-width-max.s-desktop-content.sg-row &gt; div.sg-col-16-of-20.sg-col.sg-col-8-of-12.sg-col-12-of-16 &gt; div &gt; span:nth-child(4) &gt; div.s-main-slot.s-result-list.s-search-results.sg-row &gt; div:nth-child(6) &gt; div &gt; span &gt; div &gt; div &gt; div:nth-child(3) &gt; h2 &gt; a' not found.</msg>
<status status="FAIL" starttime="20210308 21:56:18.276" endtime="20210308 21:56:18.677"></status>
</kw>
<status status="FAIL" starttime="20210308 21:56:18.275" endtime="20210308 21:56:18.678"></status>
</kw>
<kw name="End Web Test" library="Common" type="teardown">
<kw name="Close Browser" library="SeleniumLibrary">
<doc>Closes the current browser.</doc>
<status status="PASS" starttime="20210308 21:56:18.679" endtime="20210308 21:56:21.828"></status>
</kw>
<status status="PASS" starttime="20210308 21:56:18.678" endtime="20210308 21:56:21.828"></status>
</kw>
<doc>This is some basic info about smoke</doc>
<tags>
<tag>Smoke</tag>
</tags>
<status status="FAIL" starttime="20210308 21:56:07.954" endtime="20210308 21:56:21.830" critical="yes">Link with locator 'css=#search &gt; div.s-desktop-width-max.s-desktop-content.sg-row &gt; div.sg-col-16-of-20.sg-col.sg-col-8-of-12.sg-col-12-of-16 &gt; div &gt; span:nth-child(4) &gt; div.s-main-slot.s-result-list.s-search-results.sg-row &gt; div:nth-child(6) &gt; div &gt; span &gt; div &gt; div &gt; div:nth-child(3) &gt; h2 &gt; a' not found.</status>
</test>
<kw name="Cleaningup Testing Data" library="Common" type="teardown">
<kw name="Log" library="BuiltIn">
<doc>Logs the given message with the given level.</doc>
<arguments>
<arg>I am cleaning up the testing data</arg>
</arguments>
<msg timestamp="20210308 21:56:21.834" level="INFO">I am cleaning up the testing data</msg>
<status status="PASS" starttime="20210308 21:56:21.834" endtime="20210308 21:56:21.834"></status>
</kw>
<status status="PASS" starttime="20210308 21:56:21.834" endtime="20210308 21:56:21.834"></status>
</kw>
<doc>This is some basic info about whole suit</doc>
<status status="FAIL" starttime="20210308 21:55:54.218" endtime="20210308 21:56:21.834"></status>
</suite>
<statistics>
<total>
<stat pass="1" fail="1">Critical Tests</stat>
<stat pass="1" fail="1">All Tests</stat>
</total>
<tag>
<stat pass="1" fail="0">Current</stat>
<stat pass="0" fail="1">Smoke</stat>
</tag>
<suite>
<stat pass="1" fail="1" id="s1" name="Amazon">Amazon</stat>
</suite>
</statistics>
<errors>
</errors>
</robot>
